{"F:\\TUTORIALS\\todo\\Redux\\redux-starter\\src\\math.js": {"path":"F:\\TUTORIALS\\todo\\Redux\\redux-starter\\src\\math.js","statementMap":{"0":{"start":{"line":1,"column":22},"end":{"line":1,"column":48}},"1":{"start":{"line":1,"column":32},"end":{"line":1,"column":48}}},"fnMap":{"0":{"name":"(anonymous_0)","decl":{"start":{"line":1,"column":22},"end":{"line":1,"column":23}},"loc":{"start":{"line":1,"column":32},"end":{"line":1,"column":48}},"line":1}},"branchMap":{},"s":{"0":1,"1":2},"f":{"0":2},"b":{},"_coverageSchema":"1a1c01bbd47fc00a2c39e90264f33305004495a9","hash":"c5d01a82d4ee67d4c9ab0541663a3d97e771e390"}
,"F:\\TUTORIALS\\todo\\Redux\\redux-starter\\src\\store\\api.js": {"path":"F:\\TUTORIALS\\todo\\Redux\\redux-starter\\src\\store\\api.js","statementMap":{"0":{"start":{"line":3,"column":28},"end":{"line":3,"column":57}},"1":{"start":{"line":4,"column":30},"end":{"line":4,"column":61}},"2":{"start":{"line":5,"column":29},"end":{"line":5,"column":59}}},"fnMap":{},"branchMap":{},"s":{"0":1,"1":1,"2":1},"f":{},"b":{},"_coverageSchema":"1a1c01bbd47fc00a2c39e90264f33305004495a9","hash":"63bd7090a5445e87b383d0dab014ed7cf604e272"}
,"F:\\TUTORIALS\\todo\\Redux\\redux-starter\\src\\store\\bugs.js": {"path":"F:\\TUTORIALS\\todo\\Redux\\redux-starter\\src\\store\\bugs.js","statementMap":{"0":{"start":{"line":6,"column":14},"end":{"line":48,"column":2}},"1":{"start":{"line":15,"column":6},"end":{"line":15,"column":26}},"2":{"start":{"line":19,"column":6},"end":{"line":19,"column":33}},"3":{"start":{"line":20,"column":6},"end":{"line":20,"column":27}},"4":{"start":{"line":21,"column":6},"end":{"line":21,"column":34}},"5":{"start":{"line":25,"column":6},"end":{"line":25,"column":27}},"6":{"start":{"line":29,"column":36},"end":{"line":29,"column":50}},"7":{"start":{"line":30,"column":20},"end":{"line":30,"column":64}},"8":{"start":{"line":30,"column":47},"end":{"line":30,"column":63}},"9":{"start":{"line":31,"column":6},"end":{"line":31,"column":39}},"10":{"start":{"line":35,"column":6},"end":{"line":35,"column":37}},"11":{"start":{"line":39,"column":20},"end":{"line":39,"column":76}},"12":{"start":{"line":39,"column":47},"end":{"line":39,"column":75}},"13":{"start":{"line":40,"column":6},"end":{"line":40,"column":40}},"14":{"start":{"line":44,"column":20},"end":{"line":44,"column":76}},"15":{"start":{"line":44,"column":47},"end":{"line":44,"column":75}},"16":{"start":{"line":45,"column":6},"end":{"line":45,"column":39}},"17":{"start":{"line":61,"column":4},"end":{"line":61,"column":17}},"18":{"start":{"line":65,"column":12},"end":{"line":65,"column":19}},"19":{"start":{"line":66,"column":24},"end":{"line":81,"column":1}},"20":{"start":{"line":66,"column":30},"end":{"line":81,"column":1}},"21":{"start":{"line":67,"column":24},"end":{"line":67,"column":48}},"22":{"start":{"line":69,"column":24},"end":{"line":69,"column":67}},"23":{"start":{"line":71,"column":2},"end":{"line":71,"column":33}},"24":{"start":{"line":71,"column":26},"end":{"line":71,"column":33}},"25":{"start":{"line":73,"column":2},"end":{"line":80,"column":4}},"26":{"start":{"line":83,"column":22},"end":{"line":89,"column":4}},"27":{"start":{"line":84,"column":2},"end":{"line":89,"column":4}},"28":{"start":{"line":91,"column":26},"end":{"line":97,"column":4}},"29":{"start":{"line":92,"column":2},"end":{"line":97,"column":4}},"30":{"start":{"line":99,"column":31},"end":{"line":105,"column":4}},"31":{"start":{"line":100,"column":2},"end":{"line":105,"column":4}},"32":{"start":{"line":112,"column":33},"end":{"line":116,"column":1}},"33":{"start":{"line":113,"column":11},"end":{"line":113,"column":30}},"34":{"start":{"line":114,"column":11},"end":{"line":114,"column":34}},"35":{"start":{"line":115,"column":22},"end":{"line":115,"column":60}},"36":{"start":{"line":115,"column":46},"end":{"line":115,"column":59}},"37":{"start":{"line":118,"column":29},"end":{"line":122,"column":3}},"38":{"start":{"line":119,"column":2},"end":{"line":122,"column":3}},"39":{"start":{"line":120,"column":13},"end":{"line":120,"column":32}},"40":{"start":{"line":121,"column":12},"end":{"line":121,"column":58}},"41":{"start":{"line":121,"column":36},"end":{"line":121,"column":57}}},"fnMap":{"0":{"name":"(anonymous_0)","decl":{"start":{"line":14,"column":19},"end":{"line":14,"column":20}},"loc":{"start":{"line":14,"column":37},"end":{"line":16,"column":5}},"line":14},"1":{"name":"(anonymous_1)","decl":{"start":{"line":18,"column":18},"end":{"line":18,"column":19}},"loc":{"start":{"line":18,"column":36},"end":{"line":22,"column":5}},"line":18},"2":{"name":"(anonymous_2)","decl":{"start":{"line":24,"column":23},"end":{"line":24,"column":24}},"loc":{"start":{"line":24,"column":41},"end":{"line":26,"column":5}},"line":24},"3":{"name":"(anonymous_3)","decl":{"start":{"line":28,"column":23},"end":{"line":28,"column":24}},"loc":{"start":{"line":28,"column":41},"end":{"line":32,"column":5}},"line":28},"4":{"name":"(anonymous_4)","decl":{"start":{"line":30,"column":40},"end":{"line":30,"column":41}},"loc":{"start":{"line":30,"column":47},"end":{"line":30,"column":63}},"line":30},"5":{"name":"(anonymous_5)","decl":{"start":{"line":34,"column":14},"end":{"line":34,"column":15}},"loc":{"start":{"line":34,"column":32},"end":{"line":36,"column":5}},"line":34},"6":{"name":"(anonymous_6)","decl":{"start":{"line":38,"column":16},"end":{"line":38,"column":17}},"loc":{"start":{"line":38,"column":34},"end":{"line":41,"column":5}},"line":38},"7":{"name":"(anonymous_7)","decl":{"start":{"line":39,"column":40},"end":{"line":39,"column":41}},"loc":{"start":{"line":39,"column":47},"end":{"line":39,"column":75}},"line":39},"8":{"name":"(anonymous_8)","decl":{"start":{"line":43,"column":17},"end":{"line":43,"column":18}},"loc":{"start":{"line":43,"column":35},"end":{"line":46,"column":5}},"line":43},"9":{"name":"(anonymous_9)","decl":{"start":{"line":44,"column":40},"end":{"line":44,"column":41}},"loc":{"start":{"line":44,"column":47},"end":{"line":44,"column":75}},"line":44},"10":{"name":"(anonymous_10)","decl":{"start":{"line":66,"column":24},"end":{"line":66,"column":25}},"loc":{"start":{"line":66,"column":30},"end":{"line":81,"column":1}},"line":66},"11":{"name":"(anonymous_11)","decl":{"start":{"line":66,"column":30},"end":{"line":66,"column":31}},"loc":{"start":{"line":66,"column":54},"end":{"line":81,"column":1}},"line":66},"12":{"name":"(anonymous_12)","decl":{"start":{"line":83,"column":22},"end":{"line":83,"column":23}},"loc":{"start":{"line":84,"column":2},"end":{"line":89,"column":4}},"line":84},"13":{"name":"(anonymous_13)","decl":{"start":{"line":91,"column":26},"end":{"line":91,"column":27}},"loc":{"start":{"line":92,"column":2},"end":{"line":97,"column":4}},"line":92},"14":{"name":"(anonymous_14)","decl":{"start":{"line":99,"column":31},"end":{"line":99,"column":32}},"loc":{"start":{"line":100,"column":2},"end":{"line":105,"column":4}},"line":100},"15":{"name":"(anonymous_15)","decl":{"start":{"line":113,"column":2},"end":{"line":113,"column":3}},"loc":{"start":{"line":113,"column":11},"end":{"line":113,"column":30}},"line":113},"16":{"name":"(anonymous_16)","decl":{"start":{"line":114,"column":2},"end":{"line":114,"column":3}},"loc":{"start":{"line":114,"column":11},"end":{"line":114,"column":34}},"line":114},"17":{"name":"(anonymous_17)","decl":{"start":{"line":115,"column":2},"end":{"line":115,"column":3}},"loc":{"start":{"line":115,"column":22},"end":{"line":115,"column":60}},"line":115},"18":{"name":"(anonymous_18)","decl":{"start":{"line":115,"column":39},"end":{"line":115,"column":40}},"loc":{"start":{"line":115,"column":46},"end":{"line":115,"column":59}},"line":115},"19":{"name":"(anonymous_19)","decl":{"start":{"line":118,"column":29},"end":{"line":118,"column":30}},"loc":{"start":{"line":119,"column":2},"end":{"line":122,"column":3}},"line":119},"20":{"name":"(anonymous_20)","decl":{"start":{"line":120,"column":4},"end":{"line":120,"column":5}},"loc":{"start":{"line":120,"column":13},"end":{"line":120,"column":32}},"line":120},"21":{"name":"(anonymous_21)","decl":{"start":{"line":121,"column":4},"end":{"line":121,"column":5}},"loc":{"start":{"line":121,"column":12},"end":{"line":121,"column":58}},"line":121},"22":{"name":"(anonymous_22)","decl":{"start":{"line":121,"column":29},"end":{"line":121,"column":30}},"loc":{"start":{"line":121,"column":36},"end":{"line":121,"column":57}},"line":121}},"branchMap":{"0":{"loc":{"start":{"line":71,"column":2},"end":{"line":71,"column":33}},"type":"if","locations":[{"start":{"line":71,"column":2},"end":{"line":71,"column":33}},{"start":{},"end":{}}],"line":71}},"s":{"0":1,"1":5,"2":4,"3":4,"4":4,"5":1,"6":0,"7":0,"8":0,"9":0,"10":4,"11":0,"12":0,"13":0,"14":1,"15":1,"16":1,"17":1,"18":1,"19":1,"20":6,"21":6,"22":6,"23":6,"24":1,"25":5,"26":1,"27":5,"28":1,"29":2,"30":1,"31":0,"32":1,"33":1,"34":1,"35":1,"36":3,"37":1,"38":0,"39":0,"40":0,"41":0},"f":{"0":5,"1":4,"2":1,"3":0,"4":0,"5":4,"6":0,"7":0,"8":1,"9":1,"10":6,"11":6,"12":5,"13":2,"14":0,"15":1,"16":1,"17":1,"18":3,"19":0,"20":0,"21":0,"22":0},"b":{"0":[1,5]},"_coverageSchema":"1a1c01bbd47fc00a2c39e90264f33305004495a9","hash":"641f9e8dbc90f3723ce22985f1641c5dc0b119f9"}
,"F:\\TUTORIALS\\todo\\Redux\\redux-starter\\src\\store\\configureStore.js": {"path":"F:\\TUTORIALS\\todo\\Redux\\redux-starter\\src\\store\\configureStore.js","statementMap":{"0":{"start":{"line":13,"column":2},"end":{"line":25,"column":5}}},"fnMap":{"0":{"name":"(anonymous_0)","decl":{"start":{"line":12,"column":15},"end":{"line":12,"column":16}},"loc":{"start":{"line":12,"column":27},"end":{"line":26,"column":1}},"line":12}},"branchMap":{},"s":{"0":11},"f":{"0":11},"b":{},"_coverageSchema":"1a1c01bbd47fc00a2c39e90264f33305004495a9","hash":"a09f8c3f76d01979ef5823ad14268acf512ee077"}
,"F:\\TUTORIALS\\todo\\Redux\\redux-starter\\src\\store\\entities.js": {"path":"F:\\TUTORIALS\\todo\\Redux\\redux-starter\\src\\store\\entities.js","statementMap":{},"fnMap":{},"branchMap":{},"s":{},"f":{},"b":{},"_coverageSchema":"1a1c01bbd47fc00a2c39e90264f33305004495a9","hash":"f66eb7ee8e6616a2865be8eb7c0f067823939b96"}
,"F:\\TUTORIALS\\todo\\Redux\\redux-starter\\src\\store\\projects.js": {"path":"F:\\TUTORIALS\\todo\\Redux\\redux-starter\\src\\store\\projects.js","statementMap":{"0":{"start":{"line":3,"column":13},"end":{"line":3,"column":14}},"1":{"start":{"line":4,"column":14},"end":{"line":16,"column":2}},"2":{"start":{"line":10,"column":12},"end":{"line":13,"column":14}},"3":{"start":{"line":18,"column":32},"end":{"line":18,"column":45}}},"fnMap":{"0":{"name":"(anonymous_0)","decl":{"start":{"line":9,"column":22},"end":{"line":9,"column":23}},"loc":{"start":{"line":9,"column":44},"end":{"line":14,"column":9}},"line":9}},"branchMap":{},"s":{"0":1,"1":1,"2":0,"3":1},"f":{"0":0},"b":{},"_coverageSchema":"1a1c01bbd47fc00a2c39e90264f33305004495a9","hash":"ee57264de211cf0646edd634c636d6f61a83aa29"}
,"F:\\TUTORIALS\\todo\\Redux\\redux-starter\\src\\store\\reducer.js": {"path":"F:\\TUTORIALS\\todo\\Redux\\redux-starter\\src\\store\\reducer.js","statementMap":{},"fnMap":{},"branchMap":{},"s":{},"f":{},"b":{},"_coverageSchema":"1a1c01bbd47fc00a2c39e90264f33305004495a9","hash":"1ba38fecd6f4ca3a7ee4429403ae2f2c168a65cf"}
,"F:\\TUTORIALS\\todo\\Redux\\redux-starter\\src\\store\\users.js": {"path":"F:\\TUTORIALS\\todo\\Redux\\redux-starter\\src\\store\\users.js","statementMap":{"0":{"start":{"line":3,"column":13},"end":{"line":3,"column":14}},"1":{"start":{"line":4,"column":14},"end":{"line":16,"column":2}},"2":{"start":{"line":10,"column":12},"end":{"line":13,"column":14}},"3":{"start":{"line":18,"column":29},"end":{"line":18,"column":42}}},"fnMap":{"0":{"name":"(anonymous_0)","decl":{"start":{"line":9,"column":19},"end":{"line":9,"column":20}},"loc":{"start":{"line":9,"column":38},"end":{"line":14,"column":9}},"line":9}},"branchMap":{},"s":{"0":1,"1":1,"2":0,"3":1},"f":{"0":0},"b":{},"_coverageSchema":"1a1c01bbd47fc00a2c39e90264f33305004495a9","hash":"40653e96a8d0cb0f88bba0e1ade393c73e6e9b48"}
,"F:\\TUTORIALS\\todo\\Redux\\redux-starter\\src\\store\\middleware\\api.js": {"path":"F:\\TUTORIALS\\todo\\Redux\\redux-starter\\src\\store\\middleware\\api.js","statementMap":{"0":{"start":{"line":6,"column":2},"end":{"line":48,"column":3}},"1":{"start":{"line":7,"column":2},"end":{"line":48,"column":3}},"2":{"start":{"line":8,"column":2},"end":{"line":48,"column":3}},"3":{"start":{"line":10,"column":4},"end":{"line":10,"column":71}},"4":{"start":{"line":10,"column":51},"end":{"line":10,"column":71}},"5":{"start":{"line":13,"column":6},"end":{"line":13,"column":20}},"6":{"start":{"line":16,"column":4},"end":{"line":16,"column":45}},"7":{"start":{"line":16,"column":17},"end":{"line":16,"column":45}},"8":{"start":{"line":18,"column":4},"end":{"line":18,"column":17}},"9":{"start":{"line":20,"column":4},"end":{"line":47,"column":5}},"10":{"start":{"line":21,"column":23},"end":{"line":26,"column":8}},"11":{"start":{"line":28,"column":6},"end":{"line":28,"column":54}},"12":{"start":{"line":30,"column":6},"end":{"line":34,"column":11}},"13":{"start":{"line":31,"column":8},"end":{"line":34,"column":11}},"14":{"start":{"line":37,"column":6},"end":{"line":37,"column":53}},"15":{"start":{"line":39,"column":6},"end":{"line":43,"column":11}},"16":{"start":{"line":40,"column":8},"end":{"line":43,"column":11}},"17":{"start":{"line":46,"column":6},"end":{"line":46,"column":63}},"18":{"start":{"line":46,"column":27},"end":{"line":46,"column":63}}},"fnMap":{"0":{"name":"(anonymous_0)","decl":{"start":{"line":6,"column":2},"end":{"line":6,"column":3}},"loc":{"start":{"line":7,"column":2},"end":{"line":48,"column":3}},"line":7},"1":{"name":"(anonymous_1)","decl":{"start":{"line":7,"column":2},"end":{"line":7,"column":3}},"loc":{"start":{"line":8,"column":2},"end":{"line":48,"column":3}},"line":8},"2":{"name":"(anonymous_2)","decl":{"start":{"line":8,"column":2},"end":{"line":8,"column":3}},"loc":{"start":{"line":8,"column":18},"end":{"line":48,"column":3}},"line":8}},"branchMap":{"0":{"loc":{"start":{"line":10,"column":4},"end":{"line":10,"column":71}},"type":"if","locations":[{"start":{"line":10,"column":4},"end":{"line":10,"column":71}},{"start":{},"end":{}}],"line":10},"1":{"loc":{"start":{"line":16,"column":4},"end":{"line":16,"column":45}},"type":"if","locations":[{"start":{"line":16,"column":4},"end":{"line":16,"column":45}},{"start":{},"end":{}}],"line":16},"2":{"loc":{"start":{"line":30,"column":6},"end":{"line":34,"column":11}},"type":"if","locations":[{"start":{"line":30,"column":6},"end":{"line":34,"column":11}},{"start":{},"end":{}}],"line":30},"3":{"loc":{"start":{"line":39,"column":6},"end":{"line":43,"column":11}},"type":"if","locations":[{"start":{"line":39,"column":6},"end":{"line":43,"column":11}},{"start":{},"end":{}}],"line":39},"4":{"loc":{"start":{"line":46,"column":6},"end":{"line":46,"column":63}},"type":"if","locations":[{"start":{"line":46,"column":6},"end":{"line":46,"column":63}},{"start":{},"end":{}}],"line":46}},"s":{"0":1,"1":11,"2":11,"3":39,"4":27,"5":12,"6":12,"7":5,"8":12,"9":12,"10":12,"11":9,"12":9,"13":9,"14":3,"15":3,"16":0,"17":3,"18":1},"f":{"0":11,"1":11,"2":39},"b":{"0":[27,12],"1":[5,7],"2":[9,0],"3":[0,3],"4":[1,2]},"_coverageSchema":"1a1c01bbd47fc00a2c39e90264f33305004495a9","hash":"52d6fdb3a7e917a0116951408bf6a282e61c6c42"}
,"F:\\TUTORIALS\\todo\\Redux\\redux-starter\\src\\store\\middleware\\logger.js": {"path":"F:\\TUTORIALS\\todo\\Redux\\redux-starter\\src\\store\\middleware\\logger.js","statementMap":{"0":{"start":{"line":2,"column":15},"end":{"line":6,"column":1}},"1":{"start":{"line":2,"column":24},"end":{"line":6,"column":1}},"2":{"start":{"line":2,"column":33},"end":{"line":6,"column":1}},"3":{"start":{"line":2,"column":41},"end":{"line":6,"column":1}},"4":{"start":{"line":3,"column":2},"end":{"line":3,"column":32}},"5":{"start":{"line":4,"column":2},"end":{"line":4,"column":22}}},"fnMap":{"0":{"name":"(anonymous_0)","decl":{"start":{"line":2,"column":15},"end":{"line":2,"column":16}},"loc":{"start":{"line":2,"column":24},"end":{"line":6,"column":1}},"line":2},"1":{"name":"(anonymous_1)","decl":{"start":{"line":2,"column":24},"end":{"line":2,"column":25}},"loc":{"start":{"line":2,"column":33},"end":{"line":6,"column":1}},"line":2},"2":{"name":"(anonymous_2)","decl":{"start":{"line":2,"column":33},"end":{"line":2,"column":34}},"loc":{"start":{"line":2,"column":41},"end":{"line":6,"column":1}},"line":2},"3":{"name":"(anonymous_3)","decl":{"start":{"line":2,"column":41},"end":{"line":2,"column":42}},"loc":{"start":{"line":2,"column":51},"end":{"line":6,"column":1}},"line":2}},"branchMap":{},"s":{"0":1,"1":11,"2":11,"3":11,"4":39,"5":39},"f":{"0":11,"1":11,"2":11,"3":39},"b":{},"_coverageSchema":"1a1c01bbd47fc00a2c39e90264f33305004495a9","hash":"7472075cb06b762a15fa1d74b70fb122d5851d28"}
,"F:\\TUTORIALS\\todo\\Redux\\redux-starter\\src\\store\\middleware\\toast.js": {"path":"F:\\TUTORIALS\\todo\\Redux\\redux-starter\\src\\store\\middleware\\toast.js","statementMap":{"0":{"start":{"line":1,"column":14},"end":{"line":4,"column":1}},"1":{"start":{"line":1,"column":23},"end":{"line":4,"column":1}},"2":{"start":{"line":1,"column":31},"end":{"line":4,"column":1}},"3":{"start":{"line":2,"column":2},"end":{"line":3,"column":27}},"4":{"start":{"line":2,"column":31},"end":{"line":2,"column":79}},"5":{"start":{"line":3,"column":7},"end":{"line":3,"column":27}}},"fnMap":{"0":{"name":"(anonymous_0)","decl":{"start":{"line":1,"column":14},"end":{"line":1,"column":15}},"loc":{"start":{"line":1,"column":23},"end":{"line":4,"column":1}},"line":1},"1":{"name":"(anonymous_1)","decl":{"start":{"line":1,"column":23},"end":{"line":1,"column":24}},"loc":{"start":{"line":1,"column":31},"end":{"line":4,"column":1}},"line":1},"2":{"name":"(anonymous_2)","decl":{"start":{"line":1,"column":31},"end":{"line":1,"column":32}},"loc":{"start":{"line":1,"column":41},"end":{"line":4,"column":1}},"line":1}},"branchMap":{"0":{"loc":{"start":{"line":2,"column":2},"end":{"line":3,"column":27}},"type":"if","locations":[{"start":{"line":2,"column":2},"end":{"line":3,"column":27}},{"start":{"line":3,"column":7},"end":{"line":3,"column":27}}],"line":2}},"s":{"0":1,"1":11,"2":11,"3":39,"4":0,"5":39},"f":{"0":11,"1":11,"2":39},"b":{"0":[0,39]},"_coverageSchema":"1a1c01bbd47fc00a2c39e90264f33305004495a9","hash":"111f9984b51b4e652b45c60d67f7c5144f00f9cb"}
}
