TN:
SF:src\math.js
FN:1,(anonymous_0)
FNF:1
FNH:1
FNDA:2,(anonymous_0)
DA:1,2
LF:1
LH:1
BRF:0
BRH:0
end_of_record
TN:
SF:src\store\api.js
FNF:0
FNH:0
DA:3,1
DA:4,1
DA:5,1
LF:3
LH:3
BRF:0
BRH:0
end_of_record
TN:
SF:src\store\bugs.js
FN:14,(anonymous_0)
FN:18,(anonymous_1)
FN:24,(anonymous_2)
FN:28,(anonymous_3)
FN:30,(anonymous_4)
FN:34,(anonymous_5)
FN:38,(anonymous_6)
FN:39,(anonymous_7)
FN:43,(anonymous_8)
FN:44,(anonymous_9)
FN:66,(anonymous_10)
FN:66,(anonymous_11)
FN:83,(anonymous_12)
FN:91,(anonymous_13)
FN:99,(anonymous_14)
FN:113,(anonymous_15)
FN:114,(anonymous_16)
FN:115,(anonymous_17)
FN:115,(anonymous_18)
FN:118,(anonymous_19)
FN:120,(anonymous_20)
FN:121,(anonymous_21)
FN:121,(anonymous_22)
FNF:23
FNH:14
FNDA:5,(anonymous_0)
FNDA:4,(anonymous_1)
FNDA:1,(anonymous_2)
FNDA:0,(anonymous_3)
FNDA:0,(anonymous_4)
FNDA:4,(anonymous_5)
FNDA:0,(anonymous_6)
FNDA:0,(anonymous_7)
FNDA:1,(anonymous_8)
FNDA:1,(anonymous_9)
FNDA:6,(anonymous_10)
FNDA:6,(anonymous_11)
FNDA:5,(anonymous_12)
FNDA:2,(anonymous_13)
FNDA:0,(anonymous_14)
FNDA:1,(anonymous_15)
FNDA:1,(anonymous_16)
FNDA:1,(anonymous_17)
FNDA:3,(anonymous_18)
FNDA:0,(anonymous_19)
FNDA:0,(anonymous_20)
FNDA:0,(anonymous_21)
FNDA:0,(anonymous_22)
DA:6,1
DA:15,5
DA:19,4
DA:20,4
DA:21,4
DA:25,1
DA:29,0
DA:30,0
DA:31,0
DA:35,4
DA:39,0
DA:40,0
DA:44,1
DA:45,1
DA:61,1
DA:65,1
DA:66,6
DA:67,6
DA:69,6
DA:71,6
DA:73,5
DA:83,1
DA:84,5
DA:91,1
DA:92,2
DA:99,1
DA:100,0
DA:112,1
DA:113,1
DA:114,1
DA:115,3
DA:118,1
DA:119,0
DA:120,0
DA:121,0
LF:35
LH:26
BRDA:71,0,0,1
BRDA:71,0,1,5
BRF:2
BRH:2
end_of_record
TN:
SF:src\store\configureStore.js
FN:12,(anonymous_0)
FNF:1
FNH:1
FNDA:11,(anonymous_0)
DA:13,11
LF:1
LH:1
BRF:0
BRH:0
end_of_record
TN:
SF:src\store\entities.js
FNF:0
FNH:0
LF:0
LH:0
BRF:0
BRH:0
end_of_record
TN:
SF:src\store\projects.js
FN:9,(anonymous_0)
FNF:1
FNH:0
FNDA:0,(anonymous_0)
DA:3,1
DA:4,1
DA:10,0
DA:18,1
LF:4
LH:3
BRF:0
BRH:0
end_of_record
TN:
SF:src\store\reducer.js
FNF:0
FNH:0
LF:0
LH:0
BRF:0
BRH:0
end_of_record
TN:
SF:src\store\users.js
FN:9,(anonymous_0)
FNF:1
FNH:0
FNDA:0,(anonymous_0)
DA:3,1
DA:4,1
DA:10,0
DA:18,1
LF:4
LH:3
BRF:0
BRH:0
end_of_record
TN:
SF:src\store\middleware\api.js
FN:6,(anonymous_0)
FN:7,(anonymous_1)
FN:8,(anonymous_2)
FNF:3
FNH:3
FNDA:11,(anonymous_0)
FNDA:11,(anonymous_1)
FNDA:39,(anonymous_2)
DA:6,1
DA:7,11
DA:8,11
DA:10,39
DA:13,12
DA:16,12
DA:18,12
DA:20,12
DA:21,12
DA:28,9
DA:30,9
DA:31,9
DA:37,3
DA:39,3
DA:40,0
DA:46,3
LF:16
LH:15
BRDA:10,0,0,27
BRDA:10,0,1,12
BRDA:16,1,0,5
BRDA:16,1,1,7
BRDA:30,2,0,9
BRDA:30,2,1,0
BRDA:39,3,0,0
BRDA:39,3,1,3
BRDA:46,4,0,1
BRDA:46,4,1,2
BRF:10
BRH:8
end_of_record
TN:
SF:src\store\middleware\logger.js
FN:2,(anonymous_0)
FN:2,(anonymous_1)
FN:2,(anonymous_2)
FN:2,(anonymous_3)
FNF:4
FNH:4
FNDA:11,(anonymous_0)
FNDA:11,(anonymous_1)
FNDA:11,(anonymous_2)
FNDA:39,(anonymous_3)
DA:2,11
DA:3,39
DA:4,39
LF:3
LH:3
BRF:0
BRH:0
end_of_record
TN:
SF:src\store\middleware\toast.js
FN:1,(anonymous_0)
FN:1,(anonymous_1)
FN:1,(anonymous_2)
FNF:3
FNH:3
FNDA:11,(anonymous_0)
FNDA:11,(anonymous_1)
FNDA:39,(anonymous_2)
DA:1,11
DA:2,39
DA:3,39
LF:3
LH:3
BRDA:2,0,0,0
BRDA:2,0,1,39
BRF:2
BRH:1
end_of_record
